# JRE version: Java(TM) SE Runtime Environment (8.0_181-b13) (build 1.8.0_181-b13)
# Java VM: Java HotSpot(TM) 64-Bit Server VM (25.181-b13 mixed mode linux-amd64 compressed oops)
Heap:
 PSYoungGen      total 66560K, used 5120K [0x00000000d8400000, 0x00000000dca00000, 0x0000000100000000)
  eden space 61440K, 0% used [0x00000000d8400000,0x00000000d8400000,0x00000000dc000000)
  from space 5120K, 100% used [0x00000000dc000000,0x00000000dc500000,0x00000000dc500000)
  to   space 5120K, 0% used [0x00000000dc500000,0x00000000dc500000,0x00000000dca00000)
 ParOldGen       total 81920K, used 29992K [0x0000000088c00000, 0x000000008dc00000, 0x00000000d8400000)
  object space 81920K, 36% used [0x0000000088c00000,0x000000008a94a2f0,0x000000008dc00000)
 Metaspace       used 21027K, capacity 21060K, committed 21296K, reserved 1067008K
  class space    used 3080K, capacity 3106K, committed 3200K, reserved 1048576K
GC Heap History (5 events):
Event: 0,999 GC heap before
{Heap before GC invocations=1 (full 0):
 PSYoungGen      total 35840K, used 30720K [0x00000000d8400000, 0x00000000dac00000, 0x0000000100000000)
  eden space 30720K, 100% used [0x00000000d8400000,0x00000000da200000,0x00000000da200000)
  from space 5120K, 0% used [0x00000000da700000,0x00000000da700000,0x00000000dac00000)
  to   space 5120K, 0% used [0x00000000da200000,0x00000000da200000,0x00000000da700000)
 ParOldGen       total 81920K, used 0K [0x0000000088c00000, 0x000000008dc00000, 0x00000000d8400000)
  object space 81920K, 0% used [0x0000000088c00000,0x0000000088c00000,0x000000008dc00000)
 Metaspace       used 12334K, capacity 12350K, committed 12672K, reserved 1060864K
  class space    used 1821K, capacity 1826K, committed 1920K, reserved 1048576K
Event: 1,019 GC heap after
Heap after GC invocations=1 (full 0):
 PSYoungGen      total 35840K, used 5088K [0x00000000d8400000, 0x00000000dca00000, 0x0000000100000000)
  eden space 30720K, 0% used [0x00000000d8400000,0x00000000d8400000,0x00000000da200000)
  from space 5120K, 99% used [0x00000000da200000,0x00000000da6f8060,0x00000000da700000)
  to   space 5120K, 0% used [0x00000000dc500000,0x00000000dc500000,0x00000000dca00000)
 ParOldGen       total 81920K, used 11869K [0x0000000088c00000, 0x000000008dc00000, 0x00000000d8400000)
  object space 81920K, 14% used [0x0000000088c00000,0x0000000089797738,0x000000008dc00000)
 Metaspace       used 12334K, capacity 12350K, committed 12672K, reserved 1060864K
  class space    used 1821K, capacity 1826K, committed 1920K, reserved 1048576K
}
Event: 1,941 GC heap before
{Heap before GC invocations=2 (full 0):
 PSYoungGen      total 35840K, used 35808K [0x00000000d8400000, 0x00000000dca00000, 0x0000000100000000)
  eden space 30720K, 100% used [0x00000000d8400000,0x00000000da200000,0x00000000da200000)
  from space 5120K, 99% used [0x00000000da200000,0x00000000da6f8060,0x00000000da700000)
  to   space 5120K, 0% used [0x00000000dc500000,0x00000000dc500000,0x00000000dca00000)
 ParOldGen       total 81920K, used 11869K [0x0000000088c00000, 0x000000008dc00000, 0x00000000d8400000)
  object space 81920K, 14% used [0x0000000088c00000,0x0000000089797738,0x000000008dc00000)
 Metaspace       used 19705K, capacity 19748K, committed 20096K, reserved 1067008K
  class space    used 2859K, capacity 2882K, committed 2944K, reserved 1048576K
Event: 1,969 GC heap after
Heap after GC invocations=2 (full 0):
 PSYoungGen      total 66560K, used 5088K [0x00000000d8400000, 0x00000000dca00000, 0x0000000100000000)
  eden space 61440K, 0% used [0x00000000d8400000,0x00000000d8400000,0x00000000dc000000)
  from space 5120K, 99% used [0x00000000dc500000,0x00000000dc9f8020,0x00000000dca00000)
  to   space 5120K, 0% used [0x00000000dc000000,0x00000000dc000000,0x00000000dc500000)
 ParOldGen       total 81920K, used 25787K [0x0000000088c00000, 0x000000008dc00000, 0x00000000d8400000)
  object space 81920K, 31% used [0x0000000088c00000,0x000000008a52ed98,0x000000008dc00000)
 Metaspace       used 19705K, capacity 19748K, committed 20096K, reserved 1067008K
  class space    used 2859K, capacity 2882K, committed 2944K, reserved 1048576K
}
Event: 5,593 GC heap before
{Heap before GC invocations=3 (full 0):
 PSYoungGen      total 66560K, used 17572K [0x00000000d8400000, 0x00000000dca00000, 0x0000000100000000)
  eden space 61440K, 20% used [0x00000000d8400000,0x00000000d90311d8,0x00000000dc000000)
  from space 5120K, 99% used [0x00000000dc500000,0x00000000dc9f8020,0x00000000dca00000)
  to   space 5120K, 0% used [0x00000000dc000000,0x00000000dc000000,0x00000000dc500000)
 ParOldGen       total 81920K, used 25787K [0x0000000088c00000, 0x000000008dc00000, 0x00000000d8400000)
  object space 81920K, 31% used [0x0000000088c00000,0x000000008a52ed98,0x000000008dc00000)
 Metaspace       used 21027K, capacity 21060K, committed 21296K, reserved 1067008K
  class space    used 3080K, capacity 3106K, committed 3200K, reserved 1048576K

